Build started 11/13/2018 6:00:09 PM.
     1>Project "D:\CSE materials\7th semester\major project\BHSBIET LIBRARY ASSISTANT 1.0\BHSBIET LIBRARY ASSISTANT 1.0\BHSBIET LIBRARY ASSISTANT 1.0.vcxproj" on node 2 (build target(s)).
     1>PrepareForBuild:
         Creating directory "D:\CSE materials\7th semester\major project\BHSBIET LIBRARY ASSISTANT 1.0\Debug\".
       InitializeBuildStatus:
         Creating "Debug\BHSBIET LIBRARY ASSISTANT 1.0.unsuccessfulbuild" because "AlwaysCreate" was specified.
       ClCompile:
         C:\Program Files (x86)\Microsoft Visual Studio 10.0\VC\bin\CL.exe /c /ZI /nologo /W3 /WX- /Od /Oy- /D WIN32 /D _DEBUG /D _CONSOLE /D _UNICODE /D UNICODE /Gm /EHsc /RTC1 /MDd /GS /fp:precise /Zc:wchar_t /Zc:forScope /Fo"Debug\\" /Fd"Debug\vc100.pdb" /Gd /TP /analyze- /errorReport:prompt LOG.cpp "Src-1.cpp"
         Src-1.cpp
     1>d:\cse materials\7th semester\major project\bhsbiet library assistant 1.0\bhsbiet library assistant 1.0\src-1.cpp(133): warning C4995: 'gets': name was marked as #pragma deprecated
     1>d:\cse materials\7th semester\major project\bhsbiet library assistant 1.0\bhsbiet library assistant 1.0\src-1.cpp(136): warning C4995: 'gets': name was marked as #pragma deprecated
     1>d:\cse materials\7th semester\major project\bhsbiet library assistant 1.0\bhsbiet library assistant 1.0\src-1.cpp(133): warning C4996: 'gets': This function or variable may be unsafe. Consider using gets_s instead. To disable deprecation, use _CRT_SECURE_NO_WARNINGS. See online help for details.
                 c:\program files (x86)\microsoft visual studio 10.0\vc\include\stdio.h(277) : see declaration of 'gets'
     1>d:\cse materials\7th semester\major project\bhsbiet library assistant 1.0\bhsbiet library assistant 1.0\src-1.cpp(136): warning C4996: 'gets': This function or variable may be unsafe. Consider using gets_s instead. To disable deprecation, use _CRT_SECURE_NO_WARNINGS. See online help for details.
                 c:\program files (x86)\microsoft visual studio 10.0\vc\include\stdio.h(277) : see declaration of 'gets'
     1>d:\cse materials\7th semester\major project\bhsbiet library assistant 1.0\bhsbiet library assistant 1.0\src-1.cpp(225): warning C4996: 'localtime': This function or variable may be unsafe. Consider using localtime_s instead. To disable deprecation, use _CRT_SECURE_NO_WARNINGS. See online help for details.
                 c:\program files (x86)\microsoft visual studio 10.0\vc\include\time.inl(112) : see declaration of 'localtime'
     1>d:\cse materials\7th semester\major project\bhsbiet library assistant 1.0\bhsbiet library assistant 1.0\src-1.cpp(242): warning C4996: 'localtime': This function or variable may be unsafe. Consider using localtime_s instead. To disable deprecation, use _CRT_SECURE_NO_WARNINGS. See online help for details.
                 c:\program files (x86)\microsoft visual studio 10.0\vc\include\time.inl(112) : see declaration of 'localtime'
     1>d:\cse materials\7th semester\major project\bhsbiet library assistant 1.0\bhsbiet library assistant 1.0\src-1.cpp(1357): warning C4996: 'localtime': This function or variable may be unsafe. Consider using localtime_s instead. To disable deprecation, use _CRT_SECURE_NO_WARNINGS. See online help for details.
                 c:\program files (x86)\microsoft visual studio 10.0\vc\include\time.inl(112) : see declaration of 'localtime'
         LOG.cpp
     1>d:\cse materials\7th semester\major project\bhsbiet library assistant 1.0\bhsbiet library assistant 1.0\log.cpp(54): warning C4129: 'L' : unrecognized character escape sequence
     1>d:\cse materials\7th semester\major project\bhsbiet library assistant 1.0\bhsbiet library assistant 1.0\log.cpp(54): warning C4996: 'mkdir': The POSIX name for this item is deprecated. Instead, use the ISO C++ conformant name: _mkdir. See online help for details.
                 c:\program files (x86)\microsoft visual studio 10.0\vc\include\direct.h(124) : see declaration of 'mkdir'
     1>d:\cse materials\7th semester\major project\bhsbiet library assistant 1.0\bhsbiet library assistant 1.0\log.cpp(55): warning C4129: 'L' : unrecognized character escape sequence
     1>d:\cse materials\7th semester\major project\bhsbiet library assistant 1.0\bhsbiet library assistant 1.0\log.cpp(61): warning C4996: 'localtime': This function or variable may be unsafe. Consider using localtime_s instead. To disable deprecation, use _CRT_SECURE_NO_WARNINGS. See online help for details.
                 c:\program files (x86)\microsoft visual studio 10.0\vc\include\time.inl(112) : see declaration of 'localtime'
         Generating Code...
       ManifestResourceCompile:
         C:\Program Files (x86)\Microsoft SDKs\Windows\v7.0A\bin\rc.exe /nologo /fo"Debug\BHSBIET LIBRARY ASSISTANT 1.0.exe.embed.manifest.res" "Debug\BHSBIET LIBRARY ASSISTANT 1.0_manifest.rc" 
       Link:
         C:\Program Files (x86)\Microsoft Visual Studio 10.0\VC\bin\link.exe /ERRORREPORT:PROMPT /OUT:"D:\CSE materials\7th semester\major project\BHSBIET LIBRARY ASSISTANT 1.0\Debug\BHSBIET LIBRARY ASSISTANT 1.0.exe" /INCREMENTAL /NOLOGO kernel32.lib user32.lib gdi32.lib winspool.lib comdlg32.lib advapi32.lib shell32.lib ole32.lib oleaut32.lib uuid.lib odbc32.lib odbccp32.lib /MANIFEST /ManifestFile:"Debug\BHSBIET LIBRARY ASSISTANT 1.0.exe.intermediate.manifest" /MANIFESTUAC:"level='asInvoker' uiAccess='false'" /DEBUG /PDB:"D:\CSE materials\7th semester\major project\BHSBIET LIBRARY ASSISTANT 1.0\Debug\BHSBIET LIBRARY ASSISTANT 1.0.pdb" /SUBSYSTEM:CONSOLE /TLBID:1 /DYNAMICBASE /NXCOMPAT /IMPLIB:"D:\CSE materials\7th semester\major project\BHSBIET LIBRARY ASSISTANT 1.0\Debug\BHSBIET LIBRARY ASSISTANT 1.0.lib" /MACHINE:X86 "Debug\BHSBIET LIBRARY ASSISTANT 1.0.exe.embed.manifest.res"
         Debug\LOG.obj
         "Debug\Src-1.obj"
       Manifest:
         C:\Program Files (x86)\Microsoft SDKs\Windows\v7.0A\bin\mt.exe /nologo /verbose /out:"Debug\BHSBIET LIBRARY ASSISTANT 1.0.exe.embed.manifest" /manifest "Debug\BHSBIET LIBRARY ASSISTANT 1.0.exe.intermediate.manifest"
         C:\Program Files (x86)\Microsoft SDKs\Windows\v7.0A\bin\rc.exe /nologo /fo"Debug\BHSBIET LIBRARY ASSISTANT 1.0.exe.embed.manifest.res" "Debug\BHSBIET LIBRARY ASSISTANT 1.0_manifest.rc" 
       LinkEmbedManifest:
         C:\Program Files (x86)\Microsoft Visual Studio 10.0\VC\bin\link.exe /ERRORREPORT:PROMPT /OUT:"D:\CSE materials\7th semester\major project\BHSBIET LIBRARY ASSISTANT 1.0\Debug\BHSBIET LIBRARY ASSISTANT 1.0.exe" /INCREMENTAL /NOLOGO kernel32.lib user32.lib gdi32.lib winspool.lib comdlg32.lib advapi32.lib shell32.lib ole32.lib oleaut32.lib uuid.lib odbc32.lib odbccp32.lib /MANIFEST /ManifestFile:"Debug\BHSBIET LIBRARY ASSISTANT 1.0.exe.intermediate.manifest" /MANIFESTUAC:"level='asInvoker' uiAccess='false'" /DEBUG /PDB:"D:\CSE materials\7th semester\major project\BHSBIET LIBRARY ASSISTANT 1.0\Debug\BHSBIET LIBRARY ASSISTANT 1.0.pdb" /SUBSYSTEM:CONSOLE /TLBID:1 /DYNAMICBASE /NXCOMPAT /IMPLIB:"D:\CSE materials\7th semester\major project\BHSBIET LIBRARY ASSISTANT 1.0\Debug\BHSBIET LIBRARY ASSISTANT 1.0.lib" /MACHINE:X86 "Debug\BHSBIET LIBRARY ASSISTANT 1.0.exe.embed.manifest.res"
         Debug\LOG.obj
         "Debug\Src-1.obj"
         BHSBIET LIBRARY ASSISTANT 1.0.vcxproj -> D:\CSE materials\7th semester\major project\BHSBIET LIBRARY ASSISTANT 1.0\Debug\BHSBIET LIBRARY ASSISTANT 1.0.exe
       FinalizeBuildStatus:
         Deleting file "Debug\BHSBIET LIBRARY ASSISTANT 1.0.unsuccessfulbuild".
         Touching "Debug\BHSBIET LIBRARY ASSISTANT 1.0.lastbuildstate".
     1>Done Building Project "D:\CSE materials\7th semester\major project\BHSBIET LIBRARY ASSISTANT 1.0\BHSBIET LIBRARY ASSISTANT 1.0\BHSBIET LIBRARY ASSISTANT 1.0.vcxproj" (build target(s)).

Build succeeded.

Time Elapsed 00:00:08.19
